<?xml version="1.0" encoding="UTF-8"?>
<testsuite name="com.leszko.calculator.CalculatorTest" tests="1" skipped="0" failures="0" errors="0" timestamp="2025-02-25T02:06:38" hostname="DESKTOP-QH7VHBS" time="0.0">
  <properties/>
  <testcase name="testSum" classname="com.leszko.calculator.CalculatorTest" time="0.0"/>
  <system-out><![CDATA[]]></system-out>
  <system-err><![CDATA[]]></system-err>
</testsuite>
